2025-06-28 22:03:23,751 - data_ingestion - DEBUG - Data loaded from https://raw.githubusercontent.com/vikashishere/Datasets/main/spam.csv
2025-06-28 22:03:23,753 - data_ingestion - ERROR - Unexpected error ocuured in pre processing
2025-06-28 22:03:23,753 - data_ingestion - ERROR - Error occur during ingestion: DataFrame.drop() got an unexpected keyword argument 'colums'
2025-06-28 22:04:19,264 - data_ingestion - DEBUG - Data loaded from https://raw.githubusercontent.com/vikashishere/Datasets/main/spam.csv
2025-06-28 22:04:19,290 - data_ingestion - DEBUG - Pre Processing of data complete
2025-06-28 22:04:19,292 - data_ingestion - ERROR - Error occur during ingestion: Expected sequence or array-like, got <class 'NoneType'>
2025-06-28 22:07:46,871 - data_ingestion - DEBUG - Data loaded from https://raw.githubusercontent.com/vikashishere/Datasets/main/spam.csv
2025-06-28 22:07:46,873 - data_ingestion - DEBUG - Pre Processing of data complete
2025-06-28 22:07:46,920 - data_ingestion - DEBUG - Train and test Data  saved succesfully to ./data\raw
2025-06-28 22:08:19,300 - data_ingestion - DEBUG - Data loaded from https://raw.githubusercontent.com/vikashishere/Datasets/main/spam.csv
2025-06-28 22:08:19,310 - data_ingestion - DEBUG - Pre Processing of data complete
2025-06-28 22:08:19,390 - data_ingestion - DEBUG - Train and test Data  saved succesfully to ./data\raw
2025-06-28 23:23:23,773 - data_ingestion - DEBUG - Data loaded from https://raw.githubusercontent.com/vikashishere/Datasets/main/spam.csv
2025-06-28 23:23:23,808 - data_ingestion - DEBUG - Pre Processing of data complete
2025-06-28 23:23:23,843 - data_ingestion - DEBUG - Train and test Data  saved succesfully to ./data\raw
2025-06-28 23:26:03,265 - data_ingestion - DEBUG - Data loaded from https://raw.githubusercontent.com/vikashishere/Datasets/main/spam.csv
2025-06-28 23:26:03,265 - data_ingestion - DEBUG - Pre Processing of data complete
2025-06-28 23:26:03,293 - data_ingestion - DEBUG - Train and test Data  saved succesfully to ./data\raw
2025-06-28 23:26:51,088 - data_ingestion - DEBUG - Data loaded from https://raw.githubusercontent.com/vikashishere/Datasets/main/spam.csv
2025-06-28 23:26:51,088 - data_ingestion - DEBUG - Pre Processing of data complete
2025-06-28 23:26:51,125 - data_ingestion - DEBUG - Train and test Data  saved succesfully to ./data\raw
2025-06-28 23:33:31,248 - data_ingestion - DEBUG - Data loaded from https://raw.githubusercontent.com/vikashishere/Datasets/main/spam.csv
2025-06-28 23:33:31,248 - data_ingestion - DEBUG - Pre Processing of data complete
2025-06-28 23:33:31,272 - data_ingestion - DEBUG - Train and test Data  saved succesfully to ./data\raw
2025-06-29 08:59:53,920 - data_ingestion - DEBUG - Data loaded from https://raw.githubusercontent.com/vikashishere/Datasets/main/spam.csv
2025-06-29 08:59:53,941 - data_ingestion - DEBUG - Pre Processing of data complete
2025-06-29 08:59:53,980 - data_ingestion - DEBUG - Train and test Data  saved succesfully to ./data\raw
2025-06-29 09:01:08,404 - data_ingestion - DEBUG - Data loaded from https://raw.githubusercontent.com/vikashishere/Datasets/main/spam.csv
2025-06-29 09:01:08,406 - data_ingestion - DEBUG - Pre Processing of data complete
2025-06-29 09:01:08,430 - data_ingestion - DEBUG - Train and test Data  saved succesfully to ./data\raw
2025-06-29 09:35:55,694 - data_ingestion - DEBUG - Parameters retrieved from params.yaml
2025-06-29 09:35:57,046 - data_ingestion - DEBUG - Data loaded from https://raw.githubusercontent.com/vikashishere/Datasets/main/spam.csv
2025-06-29 09:35:57,048 - data_ingestion - DEBUG - Pre Processing of data complete
2025-06-29 09:35:57,066 - data_ingestion - DEBUG - Train and test Data  saved succesfully to ./data\raw
