2025-06-28 23:53:14,417 - feature_engineering - DEBUG - Data loaded and NaNs filled from ./data/interim/train_processed.csv
2025-06-28 23:53:14,433 - feature_engineering - DEBUG - Data loaded and NaNs filled from ./data/interim/test_processed.csv
2025-06-28 23:53:14,479 - feature_engineering - DEBUG - tfidf applied and data transformed
2025-06-28 23:53:14,612 - feature_engineering - DEBUG - Data saved to ./data\processed\train_tfidf.csv
2025-06-28 23:53:14,740 - feature_engineering - DEBUG - Data saved to ./data\processed\test_tfidf.csv
2025-06-28 23:55:40,443 - feature_engineering - DEBUG - Data loaded and NaNs filled from ./data/interim/train_processed.csv
2025-06-28 23:55:40,443 - feature_engineering - DEBUG - Data loaded and NaNs filled from ./data/interim/test_processed.csv
2025-06-28 23:55:40,484 - feature_engineering - DEBUG - tfidf applied and data transformed
2025-06-28 23:55:40,608 - feature_engineering - DEBUG - Data saved to ./data\processed\train_tfidf.csv
2025-06-28 23:55:40,725 - feature_engineering - DEBUG - Data saved to ./data\processed\test_tfidf.csv
2025-06-29 09:02:01,108 - feature_engineering - DEBUG - Data loaded and NaNs filled from ./data/interim/train_processed.csv
2025-06-29 09:02:01,114 - feature_engineering - DEBUG - Data loaded and NaNs filled from ./data/interim/test_processed.csv
2025-06-29 09:02:01,161 - feature_engineering - DEBUG - tfidf applied and data transformed
2025-06-29 09:02:01,284 - feature_engineering - DEBUG - Data saved to ./data\processed\train_tfidf.csv
2025-06-29 09:02:01,404 - feature_engineering - DEBUG - Data saved to ./data\processed\test_tfidf.csv
2025-06-29 09:35:59,582 - feature_engineering - DEBUG - Parameters retrieved from params.yaml
2025-06-29 09:35:59,582 - feature_engineering - DEBUG - Data loaded and NaNs filled from ./data/interim/train_processed.csv
2025-06-29 09:35:59,601 - feature_engineering - DEBUG - Data loaded and NaNs filled from ./data/interim/test_processed.csv
2025-06-29 09:35:59,661 - feature_engineering - DEBUG - tfidf applied and data transformed
2025-06-29 09:35:59,776 - feature_engineering - DEBUG - Data saved to ./data\processed\train_tfidf.csv
2025-06-29 09:35:59,877 - feature_engineering - DEBUG - Data saved to ./data\processed\test_tfidf.csv
2025-06-29 09:53:29,708 - feature_engineering - DEBUG - Parameters retrieved from params.yaml
2025-06-29 09:53:29,725 - feature_engineering - DEBUG - Data loaded and NaNs filled from ./data/interim/train_processed.csv
2025-06-29 09:53:29,778 - feature_engineering - DEBUG - Data loaded and NaNs filled from ./data/interim/test_processed.csv
2025-06-29 09:53:30,003 - feature_engineering - DEBUG - tfidf applied and data transformed
2025-06-29 09:53:30,695 - feature_engineering - DEBUG - Data saved to ./data\processed\train_tfidf.csv
2025-06-29 09:53:31,141 - feature_engineering - DEBUG - Data saved to ./data\processed\test_tfidf.csv
2025-06-29 09:56:16,654 - feature_engineering - DEBUG - Parameters retrieved from params.yaml
2025-06-29 09:56:16,693 - feature_engineering - DEBUG - Data loaded and NaNs filled from ./data/interim/train_processed.csv
2025-06-29 09:56:16,746 - feature_engineering - DEBUG - Data loaded and NaNs filled from ./data/interim/test_processed.csv
2025-06-29 09:56:16,887 - feature_engineering - DEBUG - tfidf applied and data transformed
2025-06-29 09:56:17,438 - feature_engineering - DEBUG - Data saved to ./data\processed\train_tfidf.csv
2025-06-29 09:56:17,837 - feature_engineering - DEBUG - Data saved to ./data\processed\test_tfidf.csv
2025-06-29 12:02:58,459 - feature_engineering - DEBUG - Parameters retrieved from params.yaml
2025-06-29 12:02:58,488 - feature_engineering - DEBUG - Data loaded and NaNs filled from ./data/interim/train_processed.csv
2025-06-29 12:02:58,508 - feature_engineering - DEBUG - Data loaded and NaNs filled from ./data/interim/test_processed.csv
2025-06-29 12:02:58,749 - feature_engineering - DEBUG - tfidf applied and data transformed
2025-06-29 12:02:59,088 - feature_engineering - DEBUG - Data saved to ./data\processed\train_tfidf.csv
2025-06-29 12:02:59,182 - feature_engineering - DEBUG - Data saved to ./data\processed\test_tfidf.csv
